00:49:53.291	SERVER	admin	OK	Server was started (port: 1984).
00:49:53.366	SERVER	admin	OK	HTTP Server was started (port: 8984).
00:49:56.993	[0:0:0:0:0:0:0:1]:63653	admin	REQUEST	[GET] /getSchedules
00:49:57.437	[0:0:0:0:0:0:0:1]:63653	admin	200		446.38 ms
00:49:59.589	[0:0:0:0:0:0:0:1]:63653	admin	REQUEST	[GET] /getSchedules
00:49:59.600	[0:0:0:0:0:0:0:1]:63653	admin	200		10.6 ms
00:50:06.380	[0:0:0:0:0:0:0:1]:63653	admin	REQUEST	[POST] /add
00:50:06.545	[0:0:0:0:0:0:0:1]:63653	admin	200		164.77 ms
00:50:25.816	[0:0:0:0:0:0:0:1]:63653	admin	REQUEST	[POST] /add
00:50:25.857	[0:0:0:0:0:0:0:1]:63653	admin	200		41.14 ms
00:51:04.237	[0:0:0:0:0:0:0:1]:63653	admin	REQUEST	[POST] /add
00:51:04.304	[0:0:0:0:0:0:0:1]:63653	admin	200		66.74 ms
00:51:17.694	[0:0:0:0:0:0:0:1]:63653	admin	REQUEST	[POST] /add
00:51:17.743	[0:0:0:0:0:0:0:1]:63653	admin	200		48.77 ms
00:51:27.845	[0:0:0:0:0:0:0:1]:63653	admin	REQUEST	[GET] /export
00:51:27.896	[0:0:0:0:0:0:0:1]:63653	admin	200		52.04 ms
00:52:32.094	[0:0:0:0:0:0:0:1]:63669	admin	REQUEST	[POST] /add
00:52:32.125	[0:0:0:0:0:0:0:1]:63669	admin	200		31.54 ms
00:52:43.332	[0:0:0:0:0:0:0:1]:63669	admin	REQUEST	[POST] /add
00:52:43.374	[0:0:0:0:0:0:0:1]:63669	admin	200		41.77 ms
00:52:54.282	[0:0:0:0:0:0:0:1]:63669	admin	REQUEST	[POST] /add
00:52:54.332	[0:0:0:0:0:0:0:1]:63669	admin	200		50.49 ms
00:53:03.661	[0:0:0:0:0:0:0:1]:63669	admin	REQUEST	[POST] /add
00:53:03.699	[0:0:0:0:0:0:0:1]:63669	admin	200		38.11 ms
00:53:13.238	[0:0:0:0:0:0:0:1]:63669	admin	REQUEST	[POST] /add
00:53:13.289	[0:0:0:0:0:0:0:1]:63669	admin	200		50.42 ms
00:53:15.283	[0:0:0:0:0:0:0:1]:63669	admin	REQUEST	[GET] /getSchedules
00:53:15.304	[0:0:0:0:0:0:0:1]:63669	admin	200		21.65 ms
00:53:23.940	[0:0:0:0:0:0:0:1]:63669	admin	REQUEST	[GET] /export
00:53:23.974	[0:0:0:0:0:0:0:1]:63669	admin	200		34.27 ms
12:50:54.103	SERVER	admin	OK	Server was started (port: 1984).
12:50:54.242	SERVER	admin	OK	HTTP Server was started (port: 8984).
12:53:08.193	[0:0:0:0:0:0:0:1]:52682	admin	REQUEST	[POST] /add
12:53:09.125	[0:0:0:0:0:0:0:1]:52682	admin	200		934.27 ms
12:53:40.975	[0:0:0:0:0:0:0:1]:52682	admin	REQUEST	[POST] /add
12:53:41.047	[0:0:0:0:0:0:0:1]:52682	admin	200		71.66 ms
12:53:53.184	[0:0:0:0:0:0:0:1]:52682	admin	REQUEST	[POST] /add
12:53:53.248	[0:0:0:0:0:0:0:1]:52682	admin	200		64.19 ms
12:54:07.700	[0:0:0:0:0:0:0:1]:52682	admin	REQUEST	[POST] /add
12:54:07.773	[0:0:0:0:0:0:0:1]:52682	admin	200		74.15 ms
12:54:20.408	[0:0:0:0:0:0:0:1]:52682	admin	REQUEST	[POST] /add
12:54:20.474	[0:0:0:0:0:0:0:1]:52682	admin	200		66.07 ms
12:54:30.152	[0:0:0:0:0:0:0:1]:52682	admin	REQUEST	[POST] /add
12:54:30.214	[0:0:0:0:0:0:0:1]:52682	admin	200		62.46 ms
12:54:44.571	[0:0:0:0:0:0:0:1]:52682	admin	REQUEST	[POST] /add
12:54:44.627	[0:0:0:0:0:0:0:1]:52682	admin	200		55.66 ms
12:55:00.758	[0:0:0:0:0:0:0:1]:52682	admin	REQUEST	[POST] /add
12:55:00.819	[0:0:0:0:0:0:0:1]:52682	admin	200		61.1 ms
12:55:11.703	[0:0:0:0:0:0:0:1]:52682	admin	REQUEST	[POST] /add
12:55:11.764	[0:0:0:0:0:0:0:1]:52682	admin	200		61.56 ms
12:55:21.928	[0:0:0:0:0:0:0:1]:52682	admin	REQUEST	[POST] /add
12:55:22.045	[0:0:0:0:0:0:0:1]:52682	admin	200		116.77 ms
12:55:34.201	[0:0:0:0:0:0:0:1]:52682	admin	REQUEST	[POST] /add
12:55:34.251	[0:0:0:0:0:0:0:1]:52682	admin	200		49.94 ms
12:55:39.192	[0:0:0:0:0:0:0:1]:52682	admin	REQUEST	[GET] /export
12:55:39.293	[0:0:0:0:0:0:0:1]:52682	admin	200		100.61 ms
16:24:34.715	SERVER	admin	OK	Server was started (port: 1984).
16:24:34.796	SERVER	admin	OK	HTTP Server was started (port: 8984).
16:24:41.951	[0:0:0:0:0:0:0:1]:60066	admin	REQUEST	[GET] /getSchedules
16:24:42.464	[0:0:0:0:0:0:0:1]:60066	admin	200		515.17 ms
16:24:42.534	[0:0:0:0:0:0:0:1]:60066	admin	REQUEST	[GET] /favicon.ico
16:24:42.535	[0:0:0:0:0:0:0:1]:60066	admin	404	Service not found.	1.12 ms
16:24:57.362	[0:0:0:0:0:0:0:1]:60069	admin	REQUEST	[GET] /getSchedules
16:24:57.377	[0:0:0:0:0:0:0:1]:60069	admin	200		15.28 ms
16:25:25.362	[0:0:0:0:0:0:0:1]:60066	admin	REQUEST	[GET] /getSchedules
16:25:25.378	[0:0:0:0:0:0:0:1]:60066	admin	200		17.61 ms
16:58:12.644	[0:0:0:0:0:0:0:1]:49711	admin	REQUEST	[POST] /add
16:58:12.806	[0:0:0:0:0:0:0:1]:49711	admin	200		162.81 ms
16:58:28.046	[0:0:0:0:0:0:0:1]:49711	admin	REQUEST	[POST] /add
16:58:28.105	[0:0:0:0:0:0:0:1]:49711	admin	200		59.28 ms
16:58:37.081	[0:0:0:0:0:0:0:1]:49711	admin	REQUEST	[POST] /add
16:58:37.128	[0:0:0:0:0:0:0:1]:49711	admin	200		47.01 ms
16:58:48.467	[0:0:0:0:0:0:0:1]:49711	admin	REQUEST	[POST] /add
16:58:48.529	[0:0:0:0:0:0:0:1]:49711	admin	200		62.91 ms
16:58:59.745	[0:0:0:0:0:0:0:1]:49711	admin	REQUEST	[POST] /add
16:58:59.795	[0:0:0:0:0:0:0:1]:49711	admin	200		50.85 ms
16:59:08.943	[0:0:0:0:0:0:0:1]:49711	admin	REQUEST	[POST] /add
16:59:08.992	[0:0:0:0:0:0:0:1]:49711	admin	200		48.53 ms
16:59:18.325	[0:0:0:0:0:0:0:1]:49711	admin	REQUEST	[POST] /add
16:59:18.372	[0:0:0:0:0:0:0:1]:49711	admin	200		46.74 ms
16:59:28.861	[0:0:0:0:0:0:0:1]:49711	admin	REQUEST	[POST] /add
16:59:28.900	[0:0:0:0:0:0:0:1]:49711	admin	200		39.14 ms
16:59:38.061	[0:0:0:0:0:0:0:1]:49711	admin	REQUEST	[POST] /add
16:59:38.096	[0:0:0:0:0:0:0:1]:49711	admin	200		35.58 ms
16:59:46.437	[0:0:0:0:0:0:0:1]:49711	admin	REQUEST	[POST] /add
16:59:46.471	[0:0:0:0:0:0:0:1]:49711	admin	200		33.57 ms
16:59:54.350	[0:0:0:0:0:0:0:1]:49711	admin	REQUEST	[POST] /add
16:59:54.390	[0:0:0:0:0:0:0:1]:49711	admin	200		40.76 ms
17:00:02.142	[0:0:0:0:0:0:0:1]:49711	admin	REQUEST	[POST] /add
17:00:02.179	[0:0:0:0:0:0:0:1]:49711	admin	200		36.99 ms
17:00:10.766	[0:0:0:0:0:0:0:1]:49711	admin	REQUEST	[POST] /add
17:00:10.800	[0:0:0:0:0:0:0:1]:49711	admin	200		33.72 ms
17:00:19.604	[0:0:0:0:0:0:0:1]:49711	admin	REQUEST	[POST] /add
17:00:19.639	[0:0:0:0:0:0:0:1]:49711	admin	200		35.04 ms
17:00:30.164	[0:0:0:0:0:0:0:1]:49711	admin	REQUEST	[POST] /add
17:00:30.204	[0:0:0:0:0:0:0:1]:49711	admin	200		41.12 ms
17:00:38.596	[0:0:0:0:0:0:0:1]:49711	admin	REQUEST	[POST] /add
17:00:38.632	[0:0:0:0:0:0:0:1]:49711	admin	200		35.83 ms
17:00:46.694	[0:0:0:0:0:0:0:1]:49711	admin	REQUEST	[POST] /add
17:00:46.730	[0:0:0:0:0:0:0:1]:49711	admin	200		35.92 ms
17:00:56.351	[0:0:0:0:0:0:0:1]:49711	admin	REQUEST	[POST] /add
17:00:56.392	[0:0:0:0:0:0:0:1]:49711	admin	200		41.66 ms
17:01:04.298	[0:0:0:0:0:0:0:1]:49711	admin	REQUEST	[POST] /add
17:01:04.332	[0:0:0:0:0:0:0:1]:49711	admin	200		33.69 ms
17:01:13.260	[0:0:0:0:0:0:0:1]:49711	admin	REQUEST	[POST] /add
17:01:13.295	[0:0:0:0:0:0:0:1]:49711	admin	200		34.5 ms
17:01:57.347	[0:0:0:0:0:0:0:1]:49711	admin	REQUEST	[GET] /export
17:01:57.452	[0:0:0:0:0:0:0:1]:49711	admin	200		104.97 ms
17:04:54.036	[0:0:0:0:0:0:0:1]:50395	admin	REQUEST	[DELETE] /cancelSchedule?id=SCHEDULE_ID_30
17:04:54.050	[0:0:0:0:0:0:0:1]:50395	admin	200		14.68 ms
17:05:07.426	[0:0:0:0:0:0:0:1]:50395	admin	REQUEST	[DELETE] /cancelSchedule?id=SCHEDULE_ID_22
17:05:07.444	[0:0:0:0:0:0:0:1]:50395	admin	200		18.04 ms
17:05:14.073	[0:0:0:0:0:0:0:1]:50395	admin	REQUEST	[DELETE] /cancelSchedule?id=SCHEDULE_ID_16
17:05:14.097	[0:0:0:0:0:0:0:1]:50395	admin	200		24.36 ms
17:05:22.221	[0:0:0:0:0:0:0:1]:50395	admin	REQUEST	[DELETE] /cancelSchedule?id=SCHEDULE_ID_38
17:05:22.239	[0:0:0:0:0:0:0:1]:50395	admin	200		18.14 ms
17:05:25.654	[0:0:0:0:0:0:0:1]:50395	admin	REQUEST	[GET] /export
17:05:25.724	[0:0:0:0:0:0:0:1]:50395	admin	200		70.39 ms
